\BOOKMARK [0][-]{chapter.1}{\376\377\000I\000n\000t\000r\000o\000d\000u\000c\000t\000i\000o\000n}{}% 1
\BOOKMARK [0][-]{chapter.2}{\376\377\000B\000i\000k\000e\000f\000i\000t}{}% 2
\BOOKMARK [1][-]{section.2.1}{\376\377\000A\000n\000\040\000i\000n\000t\000r\000o\000d\000u\000c\000t\000i\000o\000n\000\040\000t\000o\000\040\000b\000i\000k\000e\000f\000i\000t\000t\000i\000n\000g}{chapter.2}% 3
\BOOKMARK [1][-]{section.2.2}{\376\377\000E\000x\000i\000s\000t\000i\000n\000g\000\040\000s\000o\000f\000t\000w\000a\000r\000e\000\040\000s\000y\000s\000t\000e\000m\000s\000\040\000f\000o\000r\000\040\000b\000i\000k\000e\000f\000i\000t\000t\000i\000n\000g}{chapter.2}% 4
\BOOKMARK [2][-]{subsection.2.2.1}{\376\377\000M\000y\000V\000e\000l\000o\000F\000i\000t}{section.2.2}% 5
\BOOKMARK [2][-]{subsection.2.2.2}{\376\377\000R\000e\000t\000u\000l}{section.2.2}% 6
\BOOKMARK [2][-]{subsection.2.2.3}{\376\377\000B\000i\000k\000e\000F\000a\000s\000t\000\040\000F\000i\000t\000\040\000E\000l\000i\000t\000e}{section.2.2}% 7
\BOOKMARK [2][-]{subsection.2.2.4}{\376\377\000K\000i\000n\000o\000v\000e\000a}{section.2.2}% 8
\BOOKMARK [2][-]{subsection.2.2.5}{\376\377\000P\000o\000s\000i\000c\000l\000i\000s\000t}{section.2.2}% 9
\BOOKMARK [0][-]{chapter.3}{\376\377\000P\000o\000s\000e\000\040\000e\000s\000t\000i\000m\000a\000t\000i\000o\000n\000\040\000a\000l\000g\000o\000r\000i\000t\000h\000m\000s}{}% 10
\BOOKMARK [1][-]{section.3.1}{\376\377\000R\000T\000M\000P\000o\000s\000e}{chapter.3}% 11
\BOOKMARK [1][-]{section.3.2}{\376\377\000M\000e\000d\000i\000a\000p\000i\000p\000e}{chapter.3}% 12
\BOOKMARK [1][-]{section.3.3}{\376\377\000E\000v\000a\000l\000u\000a\000t\000i\000o\000n}{chapter.3}% 13
\BOOKMARK [1][-]{section.3.4}{\376\377\000C\000o\000m\000p\000a\000r\000i\000s\000o\000n\000\040\000t\000o\000\040\000m\000a\000r\000k\000e\000r\000\040\000b\000a\000s\000e\000d\000\040\000s\000y\000s\000t\000e\000m}{chapter.3}% 14
\BOOKMARK [0][-]{chapter.4}{\376\377\000P\000o\000s\000e\000\040\000e\000s\000t\000i\000m\000a\000t\000i\000o\000n\000\040\000d\000a\000t\000a\000s\000e\000t\000\040\000f\000o\000r\000\040\000b\000i\000k\000e\000f\000i\000t\000t\000i\000n\000g}{}% 15
\BOOKMARK [0][-]{chapter.5}{\376\377\000A\000r\000c\000h\000i\000t\000e\000c\000h\000t\000u\000r\000e\000\040\000a\000n\000d\000\040\000i\000m\000p\000l\000e\000m\000e\000n\000t\000a\000t\000i\000o\000n\000\040\000o\000f\000\040\000t\000h\000e\000\040\000b\000i\000k\000e\000f\000i\000t\000\040\000a\000p\000p\000l\000i\000c\000a\000t\000i\000o\000n}{}% 16
\BOOKMARK [1][-]{section.5.1}{\376\377\000M\000o\000d\000e\000l\000\040\000c\000o\000m\000p\000r\000e\000s\000s\000i\000o\000n}{chapter.5}% 17
\BOOKMARK [2][-]{subsection.5.1.1}{\376\377\000G\000r\000o\000u\000p\000-\000F\000i\000s\000h\000e\000r\000\040\000p\000r\000u\000n\000i\000n\000g}{section.5.1}% 18
\BOOKMARK [2][-]{subsection.5.1.2}{\376\377\000F\000l\000o\000a\000t\0001\0006\000\040\000q\000u\000a\000n\000t\000i\000z\000a\000t\000i\000o\000n}{section.5.1}% 19
\BOOKMARK [0][-]{chapter.6}{\376\377\000E\000x\000p\000e\000r\000i\000m\000e\000n\000t\000s}{}% 20
\BOOKMARK [0][-]{chapter.7}{\376\377\000C\000o\000n\000c\000l\000u\000s\000i\000o\000n}{}% 21
\BOOKMARK [0][-]{chapter*.4}{\376\377\000B\000i\000b\000l\000i\000o\000g\000r\000a\000p\000h\000y}{}% 22
